C:\USERS\DARSHIKA\ONEDRIVE\DESKTOP\SPEECH PROCESSING DATA\214101014_VOWEL_RECOGNITION\VOWEL_RECOGNITION\DEBUG\VOWEL_RECOGNITION.EXE
C:\USERS\DARSHIKA\ONEDRIVE\DESKTOP\SPEECH PROCESSING DATA\214101014_VOWEL_RECOGNITION\VOWEL_RECOGNITION\DEBUG\VOWEL_RECOGNITION.ILK
C:\USERS\DARSHIKA\ONEDRIVE\DESKTOP\SPEECH PROCESSING DATA\214101014_VOWEL_RECOGNITION\VOWEL_RECOGNITION\DEBUG\VOWEL_RECOGNITION.PDB
C:\Users\Darshika\OneDrive\Desktop\Speech Processing DATA\214101014_Vowel_Recognition\vowel_recognition\vowel_recognition\Debug\cl.command.1.tlog
C:\Users\Darshika\OneDrive\Desktop\Speech Processing DATA\214101014_Vowel_Recognition\vowel_recognition\vowel_recognition\Debug\CL.read.1.tlog
C:\Users\Darshika\OneDrive\Desktop\Speech Processing DATA\214101014_Vowel_Recognition\vowel_recognition\vowel_recognition\Debug\CL.write.1.tlog
C:\Users\Darshika\OneDrive\Desktop\Speech Processing DATA\214101014_Vowel_Recognition\vowel_recognition\vowel_recognition\Debug\link.19392.read.1.tlog
C:\Users\Darshika\OneDrive\Desktop\Speech Processing DATA\214101014_Vowel_Recognition\vowel_recognition\vowel_recognition\Debug\link.19392.write.1.tlog
C:\Users\Darshika\OneDrive\Desktop\Speech Processing DATA\214101014_Vowel_Recognition\vowel_recognition\vowel_recognition\Debug\link.19392-cvtres.read.1.tlog
C:\Users\Darshika\OneDrive\Desktop\Speech Processing DATA\214101014_Vowel_Recognition\vowel_recognition\vowel_recognition\Debug\link.19392-cvtres.write.1.tlog
C:\Users\Darshika\OneDrive\Desktop\Speech Processing DATA\214101014_Vowel_Recognition\vowel_recognition\vowel_recognition\Debug\link.command.1.tlog
C:\Users\Darshika\OneDrive\Desktop\Speech Processing DATA\214101014_Vowel_Recognition\vowel_recognition\vowel_recognition\Debug\link.read.1.tlog
C:\Users\Darshika\OneDrive\Desktop\Speech Processing DATA\214101014_Vowel_Recognition\vowel_recognition\vowel_recognition\Debug\link.write.1.tlog
C:\Users\Darshika\OneDrive\Desktop\Speech Processing DATA\214101014_Vowel_Recognition\vowel_recognition\vowel_recognition\Debug\link-cvtres.read.1.tlog
C:\Users\Darshika\OneDrive\Desktop\Speech Processing DATA\214101014_Vowel_Recognition\vowel_recognition\vowel_recognition\Debug\link-cvtres.write.1.tlog
C:\Users\Darshika\OneDrive\Desktop\Speech Processing DATA\214101014_Vowel_Recognition\vowel_recognition\vowel_recognition\Debug\mt.command.1.tlog
C:\Users\Darshika\OneDrive\Desktop\Speech Processing DATA\214101014_Vowel_Recognition\vowel_recognition\vowel_recognition\Debug\mt.read.1.tlog
C:\Users\Darshika\OneDrive\Desktop\Speech Processing DATA\214101014_Vowel_Recognition\vowel_recognition\vowel_recognition\Debug\mt.write.1.tlog
C:\Users\Darshika\OneDrive\Desktop\Speech Processing DATA\214101014_Vowel_Recognition\vowel_recognition\vowel_recognition\Debug\rc.command.1.tlog
C:\Users\Darshika\OneDrive\Desktop\Speech Processing DATA\214101014_Vowel_Recognition\vowel_recognition\vowel_recognition\Debug\rc.read.1.tlog
C:\Users\Darshika\OneDrive\Desktop\Speech Processing DATA\214101014_Vowel_Recognition\vowel_recognition\vowel_recognition\Debug\rc.write.1.tlog
C:\USERS\DARSHIKA\ONEDRIVE\DESKTOP\SPEECH PROCESSING DATA\214101014_VOWEL_RECOGNITION\VOWEL_RECOGNITION\VOWEL_RECOGNITION\DEBUG\STDAFX.OBJ
C:\Users\Darshika\OneDrive\Desktop\Speech Processing DATA\214101014_Vowel_Recognition\vowel_recognition\vowel_recognition\Debug\vc100.idb
C:\USERS\DARSHIKA\ONEDRIVE\DESKTOP\SPEECH PROCESSING DATA\214101014_VOWEL_RECOGNITION\VOWEL_RECOGNITION\VOWEL_RECOGNITION\DEBUG\VC100.PDB
C:\USERS\DARSHIKA\ONEDRIVE\DESKTOP\SPEECH PROCESSING DATA\214101014_VOWEL_RECOGNITION\VOWEL_RECOGNITION\VOWEL_RECOGNITION\DEBUG\VOWEL_RECOGNITION.EXE.EMBED.MANIFEST
C:\USERS\DARSHIKA\ONEDRIVE\DESKTOP\SPEECH PROCESSING DATA\214101014_VOWEL_RECOGNITION\VOWEL_RECOGNITION\VOWEL_RECOGNITION\DEBUG\VOWEL_RECOGNITION.EXE.EMBED.MANIFEST.RES
C:\USERS\DARSHIKA\ONEDRIVE\DESKTOP\SPEECH PROCESSING DATA\214101014_VOWEL_RECOGNITION\VOWEL_RECOGNITION\VOWEL_RECOGNITION\DEBUG\VOWEL_RECOGNITION.EXE.INTERMEDIATE.MANIFEST
C:\USERS\DARSHIKA\ONEDRIVE\DESKTOP\SPEECH PROCESSING DATA\214101014_VOWEL_RECOGNITION\VOWEL_RECOGNITION\VOWEL_RECOGNITION\DEBUG\VOWEL_RECOGNITION.OBJ
C:\USERS\DARSHIKA\ONEDRIVE\DESKTOP\SPEECH PROCESSING DATA\214101014_VOWEL_RECOGNITION\VOWEL_RECOGNITION\VOWEL_RECOGNITION\DEBUG\VOWEL_RECOGNITION.PCH
C:\Users\Darshika\OneDrive\Desktop\Speech Processing DATA\214101014_Vowel_Recognition\vowel_recognition\vowel_recognition\Debug\vowel_recognition.write.1.tlog
C:\Users\Darshika\OneDrive\Desktop\Speech Processing DATA\214101014_Vowel_Recognition\vowel_recognition\vowel_recognition\Debug\vowel_recognition_manifest.rc
